# JRE version: Java(TM) SE Runtime Environment (8.0_171-b11) (build 1.8.0_171-b11)
# Java VM: Java HotSpot(TM) 64-Bit Server VM (25.171-b11 mixed mode windows-amd64 compressed oops)
Heap:
 PSYoungGen      total 71680K, used 25317K [0x00000000d5c00000, 0x00000000dd000000, 0x0000000100000000)
  eden space 66560K, 30% used [0x00000000d5c00000,0x00000000d6fbc098,0x00000000d9d00000)
  from space 5120K, 99% used [0x00000000d9d00000,0x00000000da1fd6d0,0x00000000da200000)
  to   space 8704K, 0% used [0x00000000dc780000,0x00000000dc780000,0x00000000dd000000)
 ParOldGen       total 58880K, used 8352K [0x0000000081400000, 0x0000000084d80000, 0x00000000d5c00000)
  object space 58880K, 14% used [0x0000000081400000,0x0000000081c28328,0x0000000084d80000)
 Metaspace       used 25448K, capacity 26309K, committed 26496K, reserved 1073152K
  class space    used 3458K, capacity 3683K, committed 3712K, reserved 1048576K
GC Heap History (10 events):
Event: 2.321 GC heap before
{Heap before GC invocations=2 (full 0):
 PSYoungGen      total 38400K, used 37824K [0x00000000d5c00000, 0x00000000d8680000, 0x0000000100000000)
  eden space 33280K, 100% used [0x00000000d5c00000,0x00000000d7c80000,0x00000000d7c80000)
  from space 5120K, 88% used [0x00000000d7c80000,0x00000000d80f03a8,0x00000000d8180000)
  to   space 5120K, 0% used [0x00000000d8180000,0x00000000d8180000,0x00000000d8680000)
 ParOldGen       total 87552K, used 8K [0x0000000081400000, 0x0000000086980000, 0x00000000d5c00000)
  object space 87552K, 0% used [0x0000000081400000,0x0000000081402000,0x0000000086980000)
 Metaspace       used 15017K, capacity 15544K, committed 15744K, reserved 1062912K
  class space    used 1975K, capacity 2124K, committed 2176K, reserved 1048576K
Event: 2.332 GC heap after
Heap after GC invocations=2 (full 0):
 PSYoungGen      total 38400K, used 5106K [0x00000000d5c00000, 0x00000000da700000, 0x0000000100000000)
  eden space 33280K, 0% used [0x00000000d5c00000,0x00000000d5c00000,0x00000000d7c80000)
  from space 5120K, 99% used [0x00000000d8180000,0x00000000d867c968,0x00000000d8680000)
  to   space 5120K, 0% used [0x00000000d7c80000,0x00000000d7c80000,0x00000000d8180000)
 ParOldGen       total 87552K, used 1246K [0x0000000081400000, 0x0000000086980000, 0x00000000d5c00000)
  object space 87552K, 1% used [0x0000000081400000,0x0000000081537908,0x0000000086980000)
 Metaspace       used 15017K, capacity 15544K, committed 15744K, reserved 1062912K
  class space    used 1975K, capacity 2124K, committed 2176K, reserved 1048576K
}
Event: 2.720 GC heap before
{Heap before GC invocations=3 (full 0):
 PSYoungGen      total 38400K, used 38386K [0x00000000d5c00000, 0x00000000da700000, 0x0000000100000000)
  eden space 33280K, 100% used [0x00000000d5c00000,0x00000000d7c80000,0x00000000d7c80000)
  from space 5120K, 99% used [0x00000000d8180000,0x00000000d867c968,0x00000000d8680000)
  to   space 5120K, 0% used [0x00000000d7c80000,0x00000000d7c80000,0x00000000d8180000)
 ParOldGen       total 87552K, used 1246K [0x0000000081400000, 0x0000000086980000, 0x00000000d5c00000)
  object space 87552K, 1% used [0x0000000081400000,0x0000000081537908,0x0000000086980000)
 Metaspace       used 17823K, capacity 18418K, committed 18560K, reserved 1064960K
  class space    used 2420K, capacity 2585K, committed 2688K, reserved 1048576K
Event: 2.733 GC heap after
Heap after GC invocations=3 (full 0):
 PSYoungGen      total 38400K, used 5104K [0x00000000d5c00000, 0x00000000da700000, 0x0000000100000000)
  eden space 33280K, 0% used [0x00000000d5c00000,0x00000000d5c00000,0x00000000d7c80000)
  from space 5120K, 99% used [0x00000000d7c80000,0x00000000d817c2e8,0x00000000d8180000)
  to   space 5120K, 0% used [0x00000000da200000,0x00000000da200000,0x00000000da700000)
 ParOldGen       total 87552K, used 3366K [0x0000000081400000, 0x0000000086980000, 0x00000000d5c00000)
  object space 87552K, 3% used [0x0000000081400000,0x0000000081749b18,0x0000000086980000)
 Metaspace       used 17823K, capacity 18418K, committed 18560K, reserved 1064960K
  class space    used 2420K, capacity 2585K, committed 2688K, reserved 1048576K
}
Event: 2.974 GC heap before
{Heap before GC invocations=4 (full 0):
 PSYoungGen      total 38400K, used 27742K [0x00000000d5c00000, 0x00000000da700000, 0x0000000100000000)
  eden space 33280K, 68% used [0x00000000d5c00000,0x00000000d721b5e8,0x00000000d7c80000)
  from space 5120K, 99% used [0x00000000d7c80000,0x00000000d817c2e8,0x00000000d8180000)
  to   space 5120K, 0% used [0x00000000da200000,0x00000000da200000,0x00000000da700000)
 ParOldGen       total 87552K, used 3366K [0x0000000081400000, 0x0000000086980000, 0x00000000d5c00000)
  object space 87552K, 3% used [0x0000000081400000,0x0000000081749b18,0x0000000086980000)
 Metaspace       used 20522K, capacity 21149K, committed 21296K, reserved 1067008K
  class space    used 2751K, capacity 2944K, committed 2944K, reserved 1048576K
Event: 2.987 GC heap after
Heap after GC invocations=4 (full 0):
 PSYoungGen      total 71680K, used 5096K [0x00000000d5c00000, 0x00000000da700000, 0x0000000100000000)
  eden space 66560K, 0% used [0x00000000d5c00000,0x00000000d5c00000,0x00000000d9d00000)
  from space 5120K, 99% used [0x00000000da200000,0x00000000da6fa040,0x00000000da700000)
  to   space 5120K, 0% used [0x00000000d9d00000,0x00000000d9d00000,0x00000000da200000)
 ParOldGen       total 87552K, used 5751K [0x0000000081400000, 0x0000000086980000, 0x00000000d5c00000)
  object space 87552K, 6% used [0x0000000081400000,0x000000008199df88,0x0000000086980000)
 Metaspace       used 20522K, capacity 21149K, committed 21296K, reserved 1067008K
  class space    used 2751K, capacity 2944K, committed 2944K, reserved 1048576K
}
Event: 2.987 GC heap before
{Heap before GC invocations=5 (full 1):
 PSYoungGen      total 71680K, used 5096K [0x00000000d5c00000, 0x00000000da700000, 0x0000000100000000)
  eden space 66560K, 0% used [0x00000000d5c00000,0x00000000d5c00000,0x00000000d9d00000)
  from space 5120K, 99% used [0x00000000da200000,0x00000000da6fa040,0x00000000da700000)
  to   space 5120K, 0% used [0x00000000d9d00000,0x00000000d9d00000,0x00000000da200000)
 ParOldGen       total 87552K, used 5751K [0x0000000081400000, 0x0000000086980000, 0x00000000d5c00000)
  object space 87552K, 6% used [0x0000000081400000,0x000000008199df88,0x0000000086980000)
 Metaspace       used 20522K, capacity 21149K, committed 21296K, reserved 1067008K
  class space    used 2751K, capacity 2944K, committed 2944K, reserved 1048576K
Event: 3.056 GC heap after
Heap after GC invocations=5 (full 1):
 PSYoungGen      total 71680K, used 0K [0x00000000d5c00000, 0x00000000da700000, 0x0000000100000000)
  eden space 66560K, 0% used [0x00000000d5c00000,0x00000000d5c00000,0x00000000d9d00000)
  from space 5120K, 0% used [0x00000000da200000,0x00000000da200000,0x00000000da700000)
  to   space 5120K, 0% used [0x00000000d9d00000,0x00000000d9d00000,0x00000000da200000)
 ParOldGen       total 58880K, used 7366K [0x0000000081400000, 0x0000000084d80000, 0x00000000d5c00000)
  object space 58880K, 12% used [0x0000000081400000,0x0000000081b31be0,0x0000000084d80000)
 Metaspace       used 20520K, capacity 21143K, committed 21296K, reserved 1067008K
  class space    used 2750K, capacity 2943K, committed 2944K, reserved 1048576K
}
Event: 4.153 GC heap before
{Heap before GC invocations=6 (full 1):
 PSYoungGen      total 71680K, used 66560K [0x00000000d5c00000, 0x00000000da700000, 0x0000000100000000)
  eden space 66560K, 100% used [0x00000000d5c00000,0x00000000d9d00000,0x00000000d9d00000)
  from space 5120K, 0% used [0x00000000da200000,0x00000000da200000,0x00000000da700000)
  to   space 5120K, 0% used [0x00000000d9d00000,0x00000000d9d00000,0x00000000da200000)
 ParOldGen       total 58880K, used 7366K [0x0000000081400000, 0x0000000084d80000, 0x00000000d5c00000)
  object space 58880K, 12% used [0x0000000081400000,0x0000000081b31be0,0x0000000084d80000)
 Metaspace       used 23876K, capacity 24755K, committed 24960K, reserved 1071104K
  class space    used 3209K, capacity 3424K, committed 3456K, reserved 1048576K
Event: 4.169 GC heap after
Heap after GC invocations=6 (full 1):
 PSYoungGen      total 71680K, used 5109K [0x00000000d5c00000, 0x00000000dd000000, 0x0000000100000000)
  eden space 66560K, 0% used [0x00000000d5c00000,0x00000000d5c00000,0x00000000d9d00000)
  from space 5120K, 99% used [0x00000000d9d00000,0x00000000da1fd6d0,0x00000000da200000)
  to   space 8704K, 0% used [0x00000000dc780000,0x00000000dc780000,0x00000000dd000000)
 ParOldGen       total 58880K, used 8352K [0x0000000081400000, 0x0000000084d80000, 0x00000000d5c00000)
  object space 58880K, 14% used [0x0000000081400000,0x0000000081c28328,0x0000000084d80000)
 Metaspace       used 23876K, capacity 24755K, committed 24960K, reserved 1071104K
  class space    used 3209K, capacity 3424K, committed 3456K, reserved 1048576K
}

